#-----------------------------------------------------------
# Vivado v2018.3 (64-bit)
# SW Build 2405991 on Thu Dec  6 23:38:27 MST 2018
# IP Build 2404404 on Fri Dec  7 01:43:56 MST 2018
# Start of session at: Tue Jun 24 14:14:03 2025
# Process ID: 123604
# Current directory: C:/Users/Hello/Desktop/FPGA/DL-UDH-K7/UDH
# Command line: vivado.exe -gui_launcher_event rodinguilauncherevent110468 C:\Users\Hello\Desktop\FPGA\DL-UDH-K7\UDH\UDH.xpr
# Log file: C:/Users/Hello/Desktop/FPGA/DL-UDH-K7/UDH/vivado.log
# Journal file: C:/Users/Hello/Desktop/FPGA/DL-UDH-K7/UDH\vivado.jou
#-----------------------------------------------------------
start_gui
open_project C:/Users/Hello/Desktop/FPGA/DL-UDH-K7/UDH/UDH.xpr
Scanning sources...
Finished scanning sources
INFO: [IP_Flow 19-234] Refreshing IP repositories
INFO: [IP_Flow 19-1704] No user IP repositories specified
INFO: [IP_Flow 19-2313] Loaded Vivado IP repository 'C:/Xilinx/Vivado/2018.3/data/ip'.
open_project: Time (s): cpu = 00:00:19 ; elapsed = 00:00:13 . Memory (MB): peak = 868.328 ; gain = 221.559
update_compile_order -fileset sources_1
exit
INFO: [Common 17-206] Exiting Vivado at Tue Jun 24 21:16:03 2025...
