#-----------------------------------------------------------
# Vivado v2018.3 (64-bit)
# SW Build 2405991 on Thu Dec  6 23:38:27 MST 2018
# IP Build 2404404 on Fri Dec  7 01:43:56 MST 2018
# Start of session at: Wed Jun 25 13:47:44 2025
# Process ID: 148272
# Current directory: C:/Users/Hello/Desktop/FPGA/DL-UDH-K7/UDH
# Command line: vivado.exe -gui_launcher_event rodinguilauncherevent118028 C:\Users\Hello\Desktop\FPGA\DL-UDH-K7\UDH\UDH.xpr
# Log file: C:/Users/Hello/Desktop/FPGA/DL-UDH-K7/UDH/vivado.log
# Journal file: C:/Users/Hello/Desktop/FPGA/DL-UDH-K7/UDH\vivado.jou
#-----------------------------------------------------------
start_gui
open_project C:/Users/Hello/Desktop/FPGA/DL-UDH-K7/UDH/UDH.xpr
Scanning sources...
Finished scanning sources
INFO: [IP_Flow 19-234] Refreshing IP repositories
INFO: [IP_Flow 19-1704] No user IP repositories specified
INFO: [IP_Flow 19-2313] Loaded Vivado IP repository 'C:/Xilinx/Vivado/2018.3/data/ip'.
open_project: Time (s): cpu = 00:00:21 ; elapsed = 00:00:12 . Memory (MB): peak = 879.883 ; gain = 212.711
update_compile_order -fileset sources_1
exit
INFO: [Common 17-206] Exiting Vivado at Thu Jun 26 14:23:12 2025...
