#-----------------------------------------------------------
# Vivado v2018.3 (64-bit)
# SW Build 2405991 on Thu Dec  6 23:38:27 MST 2018
# IP Build 2404404 on Fri Dec  7 01:43:56 MST 2018
# Start of session at: Fri Jun 20 14:57:33 2025
# Process ID: 54328
# Current directory: C:/Users/Hello/Desktop/FPGA/DL-UDH-K7/UDH
# Command line: vivado.exe -gui_launcher_event rodinguilauncherevent56672 C:\Users\Hello\Desktop\FPGA\DL-UDH-K7\UDH\UDH.xpr
# Log file: C:/Users/Hello/Desktop/FPGA/DL-UDH-K7/UDH/vivado.log
# Journal file: C:/Users/Hello/Desktop/FPGA/DL-UDH-K7/UDH\vivado.jou
#-----------------------------------------------------------
start_gui
open_project C:/Users/Hello/Desktop/FPGA/DL-UDH-K7/UDH/UDH.xpr
Scanning sources...
Finished scanning sources
INFO: [IP_Flow 19-234] Refreshing IP repositories
INFO: [IP_Flow 19-1704] No user IP repositories specified
INFO: [IP_Flow 19-2313] Loaded Vivado IP repository 'C:/Xilinx/Vivado/2018.3/data/ip'.
open_project: Time (s): cpu = 00:00:19 ; elapsed = 00:00:12 . Memory (MB): peak = 869.266 ; gain = 174.977
update_compile_order -fileset sources_1
open_hw
connect_hw_server
INFO: [Labtools 27-2285] Connecting to hw_server url TCP:localhost:3121
open_hw_target
INFO: [Labtoolstcl 44-466] Opening hw_target localhost:3121/xilinx_tcf/Digilent/26CB7CA58871
ERROR: [Labtools 27-2269] No devices detected on target localhost:3121/xilinx_tcf/Digilent/26CB7CA58871.
Check cable connectivity and that the target board is powered up then
use the disconnect_hw_server and connect_hw_server to re-register this hardware target.
ERROR: [Common 17-39] 'open_hw_target' failed due to earlier errors.
set_property PROBES.FILE {} [get_hw_devices xc7k325t_0]
set_property FULL_PROBES.FILE {} [get_hw_devices xc7k325t_0]
set_property PROGRAM.FILE {C:/Users/Hello/Desktop/FPGA/DL-UDH-K7/UDH/UDH.runs/impl_1/top.bit} [get_hw_devices xc7k325t_0]
program_hw_devices [get_hw_devices xc7k325t_0]
INFO: [Labtools 27-3164] End of startup status: HIGH
program_hw_devices: Time (s): cpu = 00:00:06 ; elapsed = 00:00:06 . Memory (MB): peak = 1921.066 ; gain = 0.000
refresh_hw_device [lindex [get_hw_devices xc7k325t_0] 0]
INFO: [Labtools 27-1434] Device xc7k325t (JTAG device index = 0) is programmed with a design that has no supported debug core(s) in it.
set_property PROBES.FILE {} [get_hw_devices xc7k325t_0]
set_property FULL_PROBES.FILE {} [get_hw_devices xc7k325t_0]
set_property PROGRAM.FILE {C:/Users/Hello/Desktop/FPGA/DL-UDH-K7/UDH/UDH.runs/impl_1/top.bit} [get_hw_devices xc7k325t_0]
program_hw_devices [get_hw_devices xc7k325t_0]
INFO: [Labtools 27-3164] End of startup status: HIGH
program_hw_devices: Time (s): cpu = 00:00:05 ; elapsed = 00:00:06 . Memory (MB): peak = 1921.066 ; gain = 0.000
refresh_hw_device [lindex [get_hw_devices xc7k325t_0] 0]
INFO: [Labtools 27-1434] Device xc7k325t (JTAG device index = 0) is programmed with a design that has no supported debug core(s) in it.
set_property -dict [list CONFIG.Performance_Options {Standard_FIFO} CONFIG.Use_Extra_Logic {false} CONFIG.Data_Count_Width {10} CONFIG.Write_Data_Count_Width {10} CONFIG.Read_Data_Count_Width {10} CONFIG.Full_Threshold_Assert_Value {1022} CONFIG.Full_Threshold_Negate_Value {1021} CONFIG.Empty_Threshold_Assert_Value {2} CONFIG.Empty_Threshold_Negate_Value {3}] [get_ips fifo_generator_0]
generate_target all [get_files  C:/Users/Hello/Desktop/FPGA/DL-UDH-K7/UDH/UDH.srcs/sources_1/ip/fifo_generator_0/fifo_generator_0.xci]
INFO: [IP_Flow 19-1686] Generating 'Instantiation Template' target for IP 'fifo_generator_0'...
INFO: [IP_Flow 19-1686] Generating 'Synthesis' target for IP 'fifo_generator_0'...
INFO: [IP_Flow 19-1686] Generating 'Simulation' target for IP 'fifo_generator_0'...
INFO: [IP_Flow 19-1686] Generating 'Change Log' target for IP 'fifo_generator_0'...
catch { config_ip_cache -export [get_ips -all fifo_generator_0] }
export_ip_user_files -of_objects [get_files C:/Users/Hello/Desktop/FPGA/DL-UDH-K7/UDH/UDH.srcs/sources_1/ip/fifo_generator_0/fifo_generator_0.xci] -no_script -sync -force -quiet
reset_run fifo_generator_0_synth_1
launch_runs -jobs 16 fifo_generator_0_synth_1
[Fri Jun 20 15:31:03 2025] Launched fifo_generator_0_synth_1...
Run output will be captured here: C:/Users/Hello/Desktop/FPGA/DL-UDH-K7/UDH/UDH.runs/fifo_generator_0_synth_1/runme.log
export_simulation -of_objects [get_files C:/Users/Hello/Desktop/FPGA/DL-UDH-K7/UDH/UDH.srcs/sources_1/ip/fifo_generator_0/fifo_generator_0.xci] -directory C:/Users/Hello/Desktop/FPGA/DL-UDH-K7/UDH/UDH.ip_user_files/sim_scripts -ip_user_files_dir C:/Users/Hello/Desktop/FPGA/DL-UDH-K7/UDH/UDH.ip_user_files -ipstatic_source_dir C:/Users/Hello/Desktop/FPGA/DL-UDH-K7/UDH/UDH.ip_user_files/ipstatic -lib_map_path [list {modelsim=C:/Users/Hello/Desktop/FPGA/DL-UDH-K7/UDH/UDH.cache/compile_simlib/modelsim} {questa=C:/Users/Hello/Desktop/FPGA/DL-UDH-K7/UDH/UDH.cache/compile_simlib/questa} {riviera=C:/Users/Hello/Desktop/FPGA/DL-UDH-K7/UDH/UDH.cache/compile_simlib/riviera} {activehdl=C:/Users/Hello/Desktop/FPGA/DL-UDH-K7/UDH/UDH.cache/compile_simlib/activehdl}] -use_ip_compiled_libs -force -quiet
reset_run synth_1
launch_runs synth_1 -jobs 16
[Fri Jun 20 15:34:03 2025] Launched synth_1...
Run output will be captured here: C:/Users/Hello/Desktop/FPGA/DL-UDH-K7/UDH/UDH.runs/synth_1/runme.log
launch_runs impl_1 -to_step write_bitstream -jobs 16
[Fri Jun 20 15:36:32 2025] Launched impl_1...
Run output will be captured here: C:/Users/Hello/Desktop/FPGA/DL-UDH-K7/UDH/UDH.runs/impl_1/runme.log
ERROR: [Labtoolstcl 44-513] HW Target shutdown. Closing target: localhost:3121/xilinx_tcf/Digilent/26CB7CA58871
INFO: [Labtoolstcl 44-466] Opening hw_target localhost:3121/xilinx_tcf/Digilent/26CB7CA58871
INFO: [Labtools 27-1435] Device xc7k325t (JTAG device index = 0) is not programmed (DONE status = 0).
WARNING: [Labtoolstcl 44-129] No matching hw_ila_data was found.
set_property PROBES.FILE {} [get_hw_devices xc7k325t_0]
set_property FULL_PROBES.FILE {} [get_hw_devices xc7k325t_0]
set_property PROGRAM.FILE {C:/Users/Hello/Desktop/FPGA/DL-UDH-K7/UDH/UDH.runs/impl_1/top.bit} [get_hw_devices xc7k325t_0]
program_hw_devices [get_hw_devices xc7k325t_0]
INFO: [Labtools 27-3164] End of startup status: HIGH
program_hw_devices: Time (s): cpu = 00:00:05 ; elapsed = 00:00:06 . Memory (MB): peak = 2043.586 ; gain = 0.000
refresh_hw_device [lindex [get_hw_devices xc7k325t_0] 0]
INFO: [Labtools 27-1434] Device xc7k325t (JTAG device index = 0) is programmed with a design that has no supported debug core(s) in it.
ERROR: [Labtoolstcl 44-513] HW Target shutdown. Closing target: localhost:3121/xilinx_tcf/Digilent/26CB7CA58871
INFO: [Labtoolstcl 44-466] Opening hw_target localhost:3121/xilinx_tcf/Digilent/26CB7CA58871
INFO: [Labtools 27-1435] Device xc7k325t (JTAG device index = 0) is not programmed (DONE status = 0).
WARNING: [Labtoolstcl 44-129] No matching hw_ila_data was found.
set_property PROBES.FILE {} [get_hw_devices xc7k325t_0]
set_property FULL_PROBES.FILE {} [get_hw_devices xc7k325t_0]
set_property PROGRAM.FILE {C:/Users/Hello/Desktop/FPGA/DL-UDH-K7/UDH/UDH.runs/impl_1/top.bit} [get_hw_devices xc7k325t_0]
program_hw_devices [get_hw_devices xc7k325t_0]
INFO: [Labtools 27-3164] End of startup status: HIGH
program_hw_devices: Time (s): cpu = 00:00:06 ; elapsed = 00:00:06 . Memory (MB): peak = 2043.586 ; gain = 0.000
refresh_hw_device [lindex [get_hw_devices xc7k325t_0] 0]
INFO: [Labtools 27-1434] Device xc7k325t (JTAG device index = 0) is programmed with a design that has no supported debug core(s) in it.
ERROR: [Labtoolstcl 44-513] HW Target shutdown. Closing target: localhost:3121/xilinx_tcf/Digilent/26CB7CA58871
INFO: [Labtoolstcl 44-466] Opening hw_target localhost:3121/xilinx_tcf/Digilent/26CB7CA58871
INFO: [Labtools 27-1435] Device xc7k325t (JTAG device index = 0) is not programmed (DONE status = 0).
WARNING: [Labtoolstcl 44-129] No matching hw_ila_data was found.
ERROR: [Labtoolstcl 44-513] HW Target shutdown. Closing target: localhost:3121/xilinx_tcf/Digilent/26CB7CA58871
INFO: [Labtoolstcl 44-466] Opening hw_target localhost:3121/xilinx_tcf/Digilent/26CB7CA58871
INFO: [Labtools 27-1435] Device xc7k325t (JTAG device index = 0) is not programmed (DONE status = 0).
WARNING: [Labtoolstcl 44-129] No matching hw_ila_data was found.
set_property PROBES.FILE {} [get_hw_devices xc7k325t_0]
set_property FULL_PROBES.FILE {} [get_hw_devices xc7k325t_0]
set_property PROGRAM.FILE {C:/Users/Hello/Desktop/FPGA/DL-UDH-K7/UDH/UDH.runs/impl_1/top.bit} [get_hw_devices xc7k325t_0]
program_hw_devices [get_hw_devices xc7k325t_0]
INFO: [Labtools 27-3164] End of startup status: HIGH
program_hw_devices: Time (s): cpu = 00:00:05 ; elapsed = 00:00:06 . Memory (MB): peak = 2043.586 ; gain = 0.000
refresh_hw_device [lindex [get_hw_devices xc7k325t_0] 0]
INFO: [Labtools 27-1434] Device xc7k325t (JTAG device index = 0) is programmed with a design that has no supported debug core(s) in it.
ERROR: [Labtoolstcl 44-513] HW Target shutdown. Closing target: localhost:3121/xilinx_tcf/Digilent/26CB7CA58871
INFO: [Labtoolstcl 44-466] Opening hw_target localhost:3121/xilinx_tcf/Digilent/26CB7CA58871
INFO: [Labtools 27-1435] Device xc7k325t (JTAG device index = 0) is not programmed (DONE status = 0).
WARNING: [Labtoolstcl 44-129] No matching hw_ila_data was found.
set_property PROBES.FILE {} [get_hw_devices xc7k325t_0]
set_property FULL_PROBES.FILE {} [get_hw_devices xc7k325t_0]
set_property PROGRAM.FILE {C:/Users/Hello/Desktop/FPGA/DL-UDH-K7/UDH/UDH.runs/impl_1/top.bit} [get_hw_devices xc7k325t_0]
program_hw_devices [get_hw_devices xc7k325t_0]
INFO: [Labtools 27-3164] End of startup status: HIGH
program_hw_devices: Time (s): cpu = 00:00:06 ; elapsed = 00:00:06 . Memory (MB): peak = 2043.586 ; gain = 0.000
refresh_hw_device [lindex [get_hw_devices xc7k325t_0] 0]
INFO: [Labtools 27-1434] Device xc7k325t (JTAG device index = 0) is programmed with a design that has no supported debug core(s) in it.
set_property PROBES.FILE {} [get_hw_devices xc7k325t_0]
set_property FULL_PROBES.FILE {} [get_hw_devices xc7k325t_0]
set_property PROGRAM.FILE {C:/Users/Hello/Desktop/FPGA/DL-UDH-K7/UDH/UDH.runs/impl_1/top.bit} [get_hw_devices xc7k325t_0]
program_hw_devices [get_hw_devices xc7k325t_0]
INFO: [Labtools 27-3164] End of startup status: HIGH
program_hw_devices: Time (s): cpu = 00:00:05 ; elapsed = 00:00:06 . Memory (MB): peak = 2043.586 ; gain = 0.000
refresh_hw_device [lindex [get_hw_devices xc7k325t_0] 0]
INFO: [Labtools 27-1434] Device xc7k325t (JTAG device index = 0) is programmed with a design that has no supported debug core(s) in it.
ERROR: [Labtoolstcl 44-513] HW Target shutdown. Closing target: localhost:3121/xilinx_tcf/Digilent/26CB7CA58871
reset_run synth_1
launch_runs synth_1 -jobs 16
[Fri Jun 20 19:09:00 2025] Launched synth_1...
Run output will be captured here: C:/Users/Hello/Desktop/FPGA/DL-UDH-K7/UDH/UDH.runs/synth_1/runme.log
launch_runs impl_1 -to_step write_bitstream -jobs 16
[Fri Jun 20 19:10:13 2025] Launched impl_1...
Run output will be captured here: C:/Users/Hello/Desktop/FPGA/DL-UDH-K7/UDH/UDH.runs/impl_1/runme.log
INFO: [Labtoolstcl 44-466] Opening hw_target localhost:3121/xilinx_tcf/Digilent/26CB7CA58871
INFO: [Labtools 27-1435] Device xc7k325t (JTAG device index = 0) is not programmed (DONE status = 0).
WARNING: [Labtoolstcl 44-129] No matching hw_ila_data was found.
set_property PROBES.FILE {} [get_hw_devices xc7k325t_0]
set_property FULL_PROBES.FILE {} [get_hw_devices xc7k325t_0]
set_property PROGRAM.FILE {C:/Users/Hello/Desktop/FPGA/DL-UDH-K7/UDH/UDH.runs/impl_1/top.bit} [get_hw_devices xc7k325t_0]
program_hw_devices [get_hw_devices xc7k325t_0]
INFO: [Labtools 27-3164] End of startup status: HIGH
program_hw_devices: Time (s): cpu = 00:00:06 ; elapsed = 00:00:06 . Memory (MB): peak = 2406.324 ; gain = 0.000
refresh_hw_device [lindex [get_hw_devices xc7k325t_0] 0]
INFO: [Labtools 27-1434] Device xc7k325t (JTAG device index = 0) is programmed with a design that has no supported debug core(s) in it.
set_property PROBES.FILE {} [get_hw_devices xc7k325t_0]
set_property FULL_PROBES.FILE {} [get_hw_devices xc7k325t_0]
set_property PROGRAM.FILE {C:/Users/Hello/Desktop/FPGA/DL-UDH-K7/UDH/UDH.runs/impl_1/top.bit} [get_hw_devices xc7k325t_0]
program_hw_devices [get_hw_devices xc7k325t_0]
INFO: [Labtools 27-3164] End of startup status: HIGH
program_hw_devices: Time (s): cpu = 00:00:06 ; elapsed = 00:00:06 . Memory (MB): peak = 2406.324 ; gain = 0.000
refresh_hw_device [lindex [get_hw_devices xc7k325t_0] 0]
INFO: [Labtools 27-1434] Device xc7k325t (JTAG device index = 0) is programmed with a design that has no supported debug core(s) in it.
ERROR: [Labtoolstcl 44-513] HW Target shutdown. Closing target: localhost:3121/xilinx_tcf/Digilent/26CB7CA58871
exit
INFO: [Common 17-206] Exiting Vivado at Fri Jun 20 19:43:48 2025...
