Copyright 1986-2018 Xilinx, Inc. All Rights Reserved.
-----------------------------------------------------------------------------------------------------------------------------------------------
| Tool Version : Vivado v.2018.3 (win64) Build 2405991 Thu Dec  6 23:38:27 MST 2018
| Date         : Fri Jun 20 19:13:16 2025
| Host         : DESKTOP-DC35DBT running 64-bit major release  (build 9200)
| Command      : report_methodology -file top_methodology_drc_routed.rpt -pb top_methodology_drc_routed.pb -rpx top_methodology_drc_routed.rpx
| Design       : top
| Device       : xc7k325tffg900-2
| Speed File   : -2
| Design State : Fully Routed
-----------------------------------------------------------------------------------------------------------------------------------------------

Report Methodology

Table of Contents
-----------------
1. REPORT SUMMARY
2. REPORT DETAILS

1. REPORT SUMMARY
-----------------
            Netlist: netlist
          Floorplan: design_1
      Design limits: <entire design considered>
             Max violations: <unlimited>
             Violations found: 46
+-----------+----------+-------------------------------------------------+------------+
| Rule      | Severity | Description                                     | Violations |
+-----------+----------+-------------------------------------------------+------------+
| LUTAR-1   | Warning  | LUT drives async reset alert                    | 1          |
| PDRC-190  | Warning  | Suboptimally placed synchronized register chain | 14         |
| TIMING-9  | Warning  | Unknown CDC Logic                               | 1          |
| TIMING-18 | Warning  | Missing input or output delay                   | 11         |
| TIMING-24 | Warning  | Overridden Max delay datapath only              | 2          |
| XDCB-5    | Warning  | Runtime inefficient way to find pin objects     | 1          |
| REQP-1959 | Advisory | connects_SERDES_RST_driver_not_FF               | 16         |
+-----------+----------+-------------------------------------------------+------------+

2. REPORT DETAILS
-----------------
LUTAR-1#1 Warning
LUT drives async reset alert  
LUT cell u_ddr3_top/u_mig_7series_0/u_mig_7series_0_mig/u_iodelay_ctrl/rstdiv2_sync_r[11]_i_1, with 2 or more inputs, drives asynchronous preset/clear pin(s) u_ddr3_top/u_mig_7series_0/u_mig_7series_0_mig/u_ddr3_infrastructure/rstdiv0_sync_r1_reg_rep/PRE, u_ddr3_top/u_mig_7series_0/u_mig_7series_0_mig/u_ddr3_infrastructure/rstdiv0_sync_r1_reg_rep__0/PRE, u_ddr3_top/u_mig_7series_0/u_mig_7series_0_mig/u_ddr3_infrastructure/rstdiv0_sync_r1_reg_rep__1/PRE, u_ddr3_top/u_mig_7series_0/u_mig_7series_0_mig/u_ddr3_infrastructure/rstdiv0_sync_r1_reg_rep__10/PRE, u_ddr3_top/u_mig_7series_0/u_mig_7series_0_mig/u_ddr3_infrastructure/rstdiv0_sync_r1_reg_rep__11/PRE, u_ddr3_top/u_mig_7series_0/u_mig_7series_0_mig/u_ddr3_infrastructure/rstdiv0_sync_r1_reg_rep__12/PRE, u_ddr3_top/u_mig_7series_0/u_mig_7series_0_mig/u_ddr3_infrastructure/rstdiv0_sync_r1_reg_rep__13/PRE, u_ddr3_top/u_mig_7series_0/u_mig_7series_0_mig/u_ddr3_infrastructure/rstdiv0_sync_r1_reg_rep__14/PRE, u_ddr3_top/u_mig_7series_0/u_mig_7series_0_mig/u_ddr3_infrastructure/rstdiv0_sync_r1_reg_rep__15/PRE, u_ddr3_top/u_mig_7series_0/u_mig_7series_0_mig/u_ddr3_infrastructure/rstdiv0_sync_r1_reg_rep__16/PRE, u_ddr3_top/u_mig_7series_0/u_mig_7series_0_mig/u_ddr3_infrastructure/rstdiv0_sync_r1_reg_rep__17/PRE, u_ddr3_top/u_mig_7series_0/u_mig_7series_0_mig/u_ddr3_infrastructure/rstdiv0_sync_r1_reg_rep__18/PRE, u_ddr3_top/u_mig_7series_0/u_mig_7series_0_mig/u_ddr3_infrastructure/rstdiv0_sync_r1_reg_rep__19/PRE, u_ddr3_top/u_mig_7series_0/u_mig_7series_0_mig/u_ddr3_infrastructure/rstdiv0_sync_r1_reg_rep__2/PRE, u_ddr3_top/u_mig_7series_0/u_mig_7series_0_mig/u_ddr3_infrastructure/rstdiv0_sync_r1_reg_rep__20/PRE (the first 15 of 35 listed). The LUT may glitch and trigger an unexpected reset, even if it is a properly timed path.
Related violations: <none>

PDRC-190#1 Warning
Suboptimally placed synchronized register chain  
The FDRE cell u_ddr3_top/u_mig_7series_0/u_mig_7series_0_mig/temp_mon_enabled.u_tempmon/device_temp_sync_r5_reg[0] in site SLICE_X60Y169 is part of a synchronized register chain that is suboptimally placed as the load FDRE cell u_ddr3_top/u_mig_7series_0/u_mig_7series_0_mig/temp_mon_enabled.u_tempmon/device_temp_r_reg[0] is not placed in the same (SLICE) site.
Related violations: <none>

PDRC-190#2 Warning
Suboptimally placed synchronized register chain  
The FDRE cell u_ddr3_top/u_mig_7series_0/u_mig_7series_0_mig/temp_mon_enabled.u_tempmon/device_temp_sync_r5_reg[10] in site SLICE_X63Y167 is part of a synchronized register chain that is suboptimally placed as the load FDRE cell u_ddr3_top/u_mig_7series_0/u_mig_7series_0_mig/temp_mon_enabled.u_tempmon/device_temp_r_reg[10] is not placed in the same (SLICE) site.
Related violations: <none>

PDRC-190#3 Warning
Suboptimally placed synchronized register chain  
The FDRE cell u_ddr3_top/u_mig_7series_0/u_mig_7series_0_mig/temp_mon_enabled.u_tempmon/device_temp_sync_r5_reg[11] in site SLICE_X60Y171 is part of a synchronized register chain that is suboptimally placed as the load FDRE cell u_ddr3_top/u_mig_7series_0/u_mig_7series_0_mig/temp_mon_enabled.u_tempmon/device_temp_r_reg[11] is not placed in the same (SLICE) site.
Related violations: <none>

PDRC-190#4 Warning
Suboptimally placed synchronized register chain  
The FDRE cell u_ddr3_top/u_mig_7series_0/u_mig_7series_0_mig/temp_mon_enabled.u_tempmon/device_temp_sync_r5_reg[1] in site SLICE_X63Y169 is part of a synchronized register chain that is suboptimally placed as the load FDRE cell u_ddr3_top/u_mig_7series_0/u_mig_7series_0_mig/temp_mon_enabled.u_tempmon/device_temp_r_reg[1] is not placed in the same (SLICE) site.
Related violations: <none>

PDRC-190#5 Warning
Suboptimally placed synchronized register chain  
The FDRE cell u_ddr3_top/u_mig_7series_0/u_mig_7series_0_mig/temp_mon_enabled.u_tempmon/device_temp_sync_r5_reg[2] in site SLICE_X61Y169 is part of a synchronized register chain that is suboptimally placed as the load FDRE cell u_ddr3_top/u_mig_7series_0/u_mig_7series_0_mig/temp_mon_enabled.u_tempmon/device_temp_r_reg[2] is not placed in the same (SLICE) site.
Related violations: <none>

PDRC-190#6 Warning
Suboptimally placed synchronized register chain  
The FDRE cell u_ddr3_top/u_mig_7series_0/u_mig_7series_0_mig/temp_mon_enabled.u_tempmon/device_temp_sync_r5_reg[3] in site SLICE_X63Y171 is part of a synchronized register chain that is suboptimally placed as the load FDRE cell u_ddr3_top/u_mig_7series_0/u_mig_7series_0_mig/temp_mon_enabled.u_tempmon/device_temp_r_reg[3] is not placed in the same (SLICE) site.
Related violations: <none>

PDRC-190#7 Warning
Suboptimally placed synchronized register chain  
The FDRE cell u_ddr3_top/u_mig_7series_0/u_mig_7series_0_mig/temp_mon_enabled.u_tempmon/device_temp_sync_r5_reg[4] in site SLICE_X58Y169 is part of a synchronized register chain that is suboptimally placed as the load FDRE cell u_ddr3_top/u_mig_7series_0/u_mig_7series_0_mig/temp_mon_enabled.u_tempmon/device_temp_r_reg[4] is not placed in the same (SLICE) site.
Related violations: <none>

PDRC-190#8 Warning
Suboptimally placed synchronized register chain  
The FDRE cell u_ddr3_top/u_mig_7series_0/u_mig_7series_0_mig/temp_mon_enabled.u_tempmon/device_temp_sync_r5_reg[5] in site SLICE_X64Y169 is part of a synchronized register chain that is suboptimally placed as the load FDRE cell u_ddr3_top/u_mig_7series_0/u_mig_7series_0_mig/temp_mon_enabled.u_tempmon/device_temp_r_reg[5] is not placed in the same (SLICE) site.
Related violations: <none>

PDRC-190#9 Warning
Suboptimally placed synchronized register chain  
The FDRE cell u_ddr3_top/u_mig_7series_0/u_mig_7series_0_mig/temp_mon_enabled.u_tempmon/device_temp_sync_r5_reg[6] in site SLICE_X58Y171 is part of a synchronized register chain that is suboptimally placed as the load FDRE cell u_ddr3_top/u_mig_7series_0/u_mig_7series_0_mig/temp_mon_enabled.u_tempmon/device_temp_r_reg[6] is not placed in the same (SLICE) site.
Related violations: <none>

PDRC-190#10 Warning
Suboptimally placed synchronized register chain  
The FDRE cell u_ddr3_top/u_mig_7series_0/u_mig_7series_0_mig/temp_mon_enabled.u_tempmon/device_temp_sync_r5_reg[7] in site SLICE_X62Y171 is part of a synchronized register chain that is suboptimally placed as the load FDRE cell u_ddr3_top/u_mig_7series_0/u_mig_7series_0_mig/temp_mon_enabled.u_tempmon/device_temp_r_reg[7] is not placed in the same (SLICE) site.
Related violations: <none>

PDRC-190#11 Warning
Suboptimally placed synchronized register chain  
The FDRE cell u_ddr3_top/u_mig_7series_0/u_mig_7series_0_mig/temp_mon_enabled.u_tempmon/device_temp_sync_r5_reg[8] in site SLICE_X66Y169 is part of a synchronized register chain that is suboptimally placed as the load FDRE cell u_ddr3_top/u_mig_7series_0/u_mig_7series_0_mig/temp_mon_enabled.u_tempmon/device_temp_r_reg[8] is not placed in the same (SLICE) site.
Related violations: <none>

PDRC-190#12 Warning
Suboptimally placed synchronized register chain  
The FDRE cell u_ddr3_top/u_mig_7series_0/u_mig_7series_0_mig/temp_mon_enabled.u_tempmon/device_temp_sync_r5_reg[9] in site SLICE_X62Y167 is part of a synchronized register chain that is suboptimally placed as the load FDRE cell u_ddr3_top/u_mig_7series_0/u_mig_7series_0_mig/temp_mon_enabled.u_tempmon/device_temp_r_reg[9] is not placed in the same (SLICE) site.
Related violations: <none>

PDRC-190#13 Warning
Suboptimally placed synchronized register chain  
The FDRE cell u_ddr3_top/u_rdfifo/U0/inst_fifo_gen/gconvfifo.rf/grf.rf/rstblk/grstd1.grst_full.grst_f.rst_d2_reg in site SLICE_X123Y120 is part of a synchronized register chain that is suboptimally placed as the load FDSE cell u_ddr3_top/u_rdfifo/U0/inst_fifo_gen/gconvfifo.rf/grf.rf/rstblk/grstd1.grst_full.grst_f.rst_d3_reg is not placed in the same (SLICE) site.
Related violations: <none>

PDRC-190#14 Warning
Suboptimally placed synchronized register chain  
The FDRE cell u_ddr3_top/u_wrfifo/U0/inst_fifo_gen/gconvfifo.rf/grf.rf/rstblk/grstd1.grst_full.grst_f.rst_d2_reg in site SLICE_X147Y109 is part of a synchronized register chain that is suboptimally placed as the load FDSE cell u_ddr3_top/u_wrfifo/U0/inst_fifo_gen/gconvfifo.rf/grf.rf/rstblk/grstd1.grst_full.grst_f.rst_d3_reg is not placed in the same (SLICE) site.
Related violations: <none>

TIMING-9#1 Warning
Unknown CDC Logic  
One or more asynchronous Clock Domain Crossing has been detected between 2 clock domains through a set_false_path or a set_clock_groups or set_max_delay -datapath_only constraint but no double-registers logic synchronizer has been found on the side of the capture clock. It is recommended to run report_cdc for a complete and detailed CDC coverage. Please consider using XPM_CDC to avoid Critical severities
Related violations: <none>

TIMING-18#1 Warning
Missing input or output delay  
An input delay is missing on rgmii_rx_ctl relative to clock(s) rgmii_rxc
Related violations: <none>

TIMING-18#2 Warning
Missing input or output delay  
An input delay is missing on rgmii_rxd[0] relative to clock(s) rgmii_rxc
Related violations: <none>

TIMING-18#3 Warning
Missing input or output delay  
An input delay is missing on rgmii_rxd[1] relative to clock(s) rgmii_rxc
Related violations: <none>

TIMING-18#4 Warning
Missing input or output delay  
An input delay is missing on rgmii_rxd[2] relative to clock(s) rgmii_rxc
Related violations: <none>

TIMING-18#5 Warning
Missing input or output delay  
An input delay is missing on rgmii_rxd[3] relative to clock(s) rgmii_rxc
Related violations: <none>

TIMING-18#6 Warning
Missing input or output delay  
An output delay is missing on ddr3_reset_n relative to clock(s) clk
Related violations: <none>

TIMING-18#7 Warning
Missing input or output delay  
An output delay is missing on rgmii_tx_ctl relative to clock(s) rgmii_rxc
Related violations: <none>

TIMING-18#8 Warning
Missing input or output delay  
An output delay is missing on rgmii_txd[0] relative to clock(s) rgmii_rxc
Related violations: <none>

TIMING-18#9 Warning
Missing input or output delay  
An output delay is missing on rgmii_txd[1] relative to clock(s) rgmii_rxc
Related violations: <none>

TIMING-18#10 Warning
Missing input or output delay  
An output delay is missing on rgmii_txd[2] relative to clock(s) rgmii_rxc
Related violations: <none>

TIMING-18#11 Warning
Missing input or output delay  
An output delay is missing on rgmii_txd[3] relative to clock(s) rgmii_rxc
Related violations: <none>

TIMING-24#1 Warning
Overridden Max delay datapath only  
A set_clock_groups or a set_false path (see constraint position 12 in the Timing Constraints window in Vivado IDE) between clocks clk_pll_i and clk_out2_clk_wiz_0 overrides a set_max_delay -datapath_only (position 14). It is not recommended to override a set_max_delay -datapath_only constraint. Replace the set_clock_groups or set_false_path between clocks with point-to-point set_false_path constraints
Related violations: <none>

TIMING-24#2 Warning
Overridden Max delay datapath only  
A set_clock_groups or a set_false path (see constraint position 13 in the Timing Constraints window in Vivado IDE) between clocks clk_out2_clk_wiz_0 and clk_pll_i overrides a set_max_delay -datapath_only (position 16). It is not recommended to override a set_max_delay -datapath_only constraint. Replace the set_clock_groups or set_false_path between clocks with point-to-point set_false_path constraints
Related violations: <none>

XDCB-5#1 Warning
Runtime inefficient way to find pin objects  
The option '-to : [get_pins -hier -include_replicated_objects -filter {NAME =~ *temp_mon_enabled.u_tempmon/device_temp_sync_r1_reg[*]/D}]' of constraint 'set_max_delay' uses inefficient query to find pin objects (see constraint position '6' in the Timing Constraint window in Vivado IDE). To reduce runtime, it is recommended to get the pins through the cell objects. Please refer to Using Constraints Guide (Constraints Efficiency). An example of optimal query is: get_pins -filter {REF_PIN_NAME=~yy*} -of_objects [get_cells -hierarchical xx*].
Current XDC: c:/Users/Hello/Desktop/FPGA/DL-UDH-K7/UDH/UDH.srcs/sources_1/ip/mig_7series_0/mig_7series_0/user_design/constraints/mig_7series_0.xdc (Line: 396)
Related violations: <none>

REQP-1959#1 Advisory
connects_SERDES_RST_driver_not_FF  
u_ddr3_top/u_mig_7series_0/u_mig_7series_0_mig/u_memc_ui_top_std/mem_intfc0/ddr_phy_top0/u_ddr_mc_phy_wrapper/u_ddr_mc_phy/ddr_phy_4lanes_0.u_ddr_phy_4lanes/ddr_byte_lane_B.ddr_byte_lane_B/ddr_byte_group_io/input_[1].iserdes_dq_.iserdesdq: The RST pin should only be driven by a Flip-flop.
Related violations: <none>

REQP-1959#2 Advisory
connects_SERDES_RST_driver_not_FF  
u_ddr3_top/u_mig_7series_0/u_mig_7series_0_mig/u_memc_ui_top_std/mem_intfc0/ddr_phy_top0/u_ddr_mc_phy_wrapper/u_ddr_mc_phy/ddr_phy_4lanes_0.u_ddr_phy_4lanes/ddr_byte_lane_B.ddr_byte_lane_B/ddr_byte_group_io/input_[2].iserdes_dq_.iserdesdq: The RST pin should only be driven by a Flip-flop.
Related violations: <none>

REQP-1959#3 Advisory
connects_SERDES_RST_driver_not_FF  
u_ddr3_top/u_mig_7series_0/u_mig_7series_0_mig/u_memc_ui_top_std/mem_intfc0/ddr_phy_top0/u_ddr_mc_phy_wrapper/u_ddr_mc_phy/ddr_phy_4lanes_0.u_ddr_phy_4lanes/ddr_byte_lane_B.ddr_byte_lane_B/ddr_byte_group_io/input_[3].iserdes_dq_.iserdesdq: The RST pin should only be driven by a Flip-flop.
Related violations: <none>

REQP-1959#4 Advisory
connects_SERDES_RST_driver_not_FF  
u_ddr3_top/u_mig_7series_0/u_mig_7series_0_mig/u_memc_ui_top_std/mem_intfc0/ddr_phy_top0/u_ddr_mc_phy_wrapper/u_ddr_mc_phy/ddr_phy_4lanes_0.u_ddr_phy_4lanes/ddr_byte_lane_B.ddr_byte_lane_B/ddr_byte_group_io/input_[4].iserdes_dq_.iserdesdq: The RST pin should only be driven by a Flip-flop.
Related violations: <none>

REQP-1959#5 Advisory
connects_SERDES_RST_driver_not_FF  
u_ddr3_top/u_mig_7series_0/u_mig_7series_0_mig/u_memc_ui_top_std/mem_intfc0/ddr_phy_top0/u_ddr_mc_phy_wrapper/u_ddr_mc_phy/ddr_phy_4lanes_0.u_ddr_phy_4lanes/ddr_byte_lane_B.ddr_byte_lane_B/ddr_byte_group_io/input_[5].iserdes_dq_.iserdesdq: The RST pin should only be driven by a Flip-flop.
Related violations: <none>

REQP-1959#6 Advisory
connects_SERDES_RST_driver_not_FF  
u_ddr3_top/u_mig_7series_0/u_mig_7series_0_mig/u_memc_ui_top_std/mem_intfc0/ddr_phy_top0/u_ddr_mc_phy_wrapper/u_ddr_mc_phy/ddr_phy_4lanes_0.u_ddr_phy_4lanes/ddr_byte_lane_B.ddr_byte_lane_B/ddr_byte_group_io/input_[6].iserdes_dq_.iserdesdq: The RST pin should only be driven by a Flip-flop.
Related violations: <none>

REQP-1959#7 Advisory
connects_SERDES_RST_driver_not_FF  
u_ddr3_top/u_mig_7series_0/u_mig_7series_0_mig/u_memc_ui_top_std/mem_intfc0/ddr_phy_top0/u_ddr_mc_phy_wrapper/u_ddr_mc_phy/ddr_phy_4lanes_0.u_ddr_phy_4lanes/ddr_byte_lane_B.ddr_byte_lane_B/ddr_byte_group_io/input_[7].iserdes_dq_.iserdesdq: The RST pin should only be driven by a Flip-flop.
Related violations: <none>

REQP-1959#8 Advisory
connects_SERDES_RST_driver_not_FF  
u_ddr3_top/u_mig_7series_0/u_mig_7series_0_mig/u_memc_ui_top_std/mem_intfc0/ddr_phy_top0/u_ddr_mc_phy_wrapper/u_ddr_mc_phy/ddr_phy_4lanes_0.u_ddr_phy_4lanes/ddr_byte_lane_B.ddr_byte_lane_B/ddr_byte_group_io/input_[8].iserdes_dq_.iserdesdq: The RST pin should only be driven by a Flip-flop.
Related violations: <none>

REQP-1959#9 Advisory
connects_SERDES_RST_driver_not_FF  
u_ddr3_top/u_mig_7series_0/u_mig_7series_0_mig/u_memc_ui_top_std/mem_intfc0/ddr_phy_top0/u_ddr_mc_phy_wrapper/u_ddr_mc_phy/ddr_phy_4lanes_0.u_ddr_phy_4lanes/ddr_byte_lane_D.ddr_byte_lane_D/ddr_byte_group_io/input_[1].iserdes_dq_.iserdesdq: The RST pin should only be driven by a Flip-flop.
Related violations: <none>

REQP-1959#10 Advisory
connects_SERDES_RST_driver_not_FF  
u_ddr3_top/u_mig_7series_0/u_mig_7series_0_mig/u_memc_ui_top_std/mem_intfc0/ddr_phy_top0/u_ddr_mc_phy_wrapper/u_ddr_mc_phy/ddr_phy_4lanes_0.u_ddr_phy_4lanes/ddr_byte_lane_D.ddr_byte_lane_D/ddr_byte_group_io/input_[2].iserdes_dq_.iserdesdq: The RST pin should only be driven by a Flip-flop.
Related violations: <none>

REQP-1959#11 Advisory
connects_SERDES_RST_driver_not_FF  
u_ddr3_top/u_mig_7series_0/u_mig_7series_0_mig/u_memc_ui_top_std/mem_intfc0/ddr_phy_top0/u_ddr_mc_phy_wrapper/u_ddr_mc_phy/ddr_phy_4lanes_0.u_ddr_phy_4lanes/ddr_byte_lane_D.ddr_byte_lane_D/ddr_byte_group_io/input_[3].iserdes_dq_.iserdesdq: The RST pin should only be driven by a Flip-flop.
Related violations: <none>

REQP-1959#12 Advisory
connects_SERDES_RST_driver_not_FF  
u_ddr3_top/u_mig_7series_0/u_mig_7series_0_mig/u_memc_ui_top_std/mem_intfc0/ddr_phy_top0/u_ddr_mc_phy_wrapper/u_ddr_mc_phy/ddr_phy_4lanes_0.u_ddr_phy_4lanes/ddr_byte_lane_D.ddr_byte_lane_D/ddr_byte_group_io/input_[5].iserdes_dq_.iserdesdq: The RST pin should only be driven by a Flip-flop.
Related violations: <none>

REQP-1959#13 Advisory
connects_SERDES_RST_driver_not_FF  
u_ddr3_top/u_mig_7series_0/u_mig_7series_0_mig/u_memc_ui_top_std/mem_intfc0/ddr_phy_top0/u_ddr_mc_phy_wrapper/u_ddr_mc_phy/ddr_phy_4lanes_0.u_ddr_phy_4lanes/ddr_byte_lane_D.ddr_byte_lane_D/ddr_byte_group_io/input_[6].iserdes_dq_.iserdesdq: The RST pin should only be driven by a Flip-flop.
Related violations: <none>

REQP-1959#14 Advisory
connects_SERDES_RST_driver_not_FF  
u_ddr3_top/u_mig_7series_0/u_mig_7series_0_mig/u_memc_ui_top_std/mem_intfc0/ddr_phy_top0/u_ddr_mc_phy_wrapper/u_ddr_mc_phy/ddr_phy_4lanes_0.u_ddr_phy_4lanes/ddr_byte_lane_D.ddr_byte_lane_D/ddr_byte_group_io/input_[7].iserdes_dq_.iserdesdq: The RST pin should only be driven by a Flip-flop.
Related violations: <none>

REQP-1959#15 Advisory
connects_SERDES_RST_driver_not_FF  
u_ddr3_top/u_mig_7series_0/u_mig_7series_0_mig/u_memc_ui_top_std/mem_intfc0/ddr_phy_top0/u_ddr_mc_phy_wrapper/u_ddr_mc_phy/ddr_phy_4lanes_0.u_ddr_phy_4lanes/ddr_byte_lane_D.ddr_byte_lane_D/ddr_byte_group_io/input_[8].iserdes_dq_.iserdesdq: The RST pin should only be driven by a Flip-flop.
Related violations: <none>

REQP-1959#16 Advisory
connects_SERDES_RST_driver_not_FF  
u_ddr3_top/u_mig_7series_0/u_mig_7series_0_mig/u_memc_ui_top_std/mem_intfc0/ddr_phy_top0/u_ddr_mc_phy_wrapper/u_ddr_mc_phy/ddr_phy_4lanes_0.u_ddr_phy_4lanes/ddr_byte_lane_D.ddr_byte_lane_D/ddr_byte_group_io/input_[9].iserdes_dq_.iserdesdq: The RST pin should only be driven by a Flip-flop.
Related violations: <none>


